c:\users\keke0\desktop\hpc2017\debug\vc141.pdb
c:\users\keke0\desktop\hpc2017\debug\vc141.idb
c:\users\keke0\desktop\hpc2017\debug\action.obj
c:\users\keke0\desktop\hpc2017\debug\answer.obj
c:\users\keke0\desktop\hpc2017\debug\ufo.obj
c:\users\keke0\desktop\hpc2017\debug\game.obj
c:\users\keke0\desktop\hpc2017\debug\house.obj
c:\users\keke0\desktop\hpc2017\debug\main.obj
c:\users\keke0\desktop\hpc2017\debug\math.obj
c:\users\keke0\desktop\hpc2017\debug\office.obj
c:\users\keke0\desktop\hpc2017\debug\parameter.obj
c:\users\keke0\desktop\hpc2017\debug\random.obj
c:\users\keke0\desktop\hpc2017\debug\randomseed.obj
c:\users\keke0\desktop\hpc2017\debug\recorder.obj
c:\users\keke0\desktop\hpc2017\debug\simulator.obj
c:\users\keke0\desktop\hpc2017\debug\stage.obj
c:\users\keke0\desktop\hpc2017\debug\timer.obj
c:\users\keke0\desktop\hpc2017\debug\util.obj
c:\users\keke0\desktop\hpc2017\debug\vector2.obj
c:\users\keke0\desktop\hpc2017\debug\hpc2017.ilk
c:\users\keke0\desktop\hpc2017\debug\hpc2017.exe
c:\users\keke0\desktop\hpc2017\debug\hpc2017.pdb
c:\users\keke0\desktop\hpc2017\debug\hpc2017.tlog\cl.command.1.tlog
c:\users\keke0\desktop\hpc2017\debug\hpc2017.tlog\cl.read.1.tlog
c:\users\keke0\desktop\hpc2017\debug\hpc2017.tlog\cl.write.1.tlog
c:\users\keke0\desktop\hpc2017\debug\hpc2017.tlog\link.command.1.tlog
c:\users\keke0\desktop\hpc2017\debug\hpc2017.tlog\link.read.1.tlog
c:\users\keke0\desktop\hpc2017\debug\hpc2017.tlog\link.write.1.tlog
