  Answer.cpp
c:\users\keke0\desktop\hpc2017\src\answer.cpp(112): warning C4244: '引数': 'double' から 'float' への変換です。データが失われる可能性があります。
c:\users\keke0\desktop\hpc2017\src\answer.cpp(133): warning C4244: '引数': 'double' から 'float' への変換です。データが失われる可能性があります。
c:\users\keke0\desktop\hpc2017\src\answer.cpp(140): warning C4244: '引数': 'double' から 'float' への変換です。データが失われる可能性があります。
c:\users\keke0\desktop\hpc2017\src\answer.cpp(155): warning C4244: '引数': 'double' から 'float' への変換です。データが失われる可能性があります。
c:\users\keke0\desktop\hpc2017\src\answer.cpp(160): warning C4305: '*=': 'double' から 'float' へ切り詰めます。
c:\users\keke0\desktop\hpc2017\src\answer.cpp(247): warning C4244: '初期化中': 'double' から 'int' への変換です。データが失われる可能性があります。
c:\users\keke0\desktop\hpc2017\src\answer.cpp(289): warning C4244: '引数': 'const int' から 'float' への変換です。データが失われる可能性があります。
c:\users\keke0\desktop\hpc2017\src\answer.cpp(294): warning C4244: '引数': 'const int' から 'float' への変換です。データが失われる可能性があります。
c:\users\keke0\desktop\hpc2017\src\answer.cpp(317): warning C4244: '/=': 'double' から 'int' への変換です。データが失われる可能性があります。
c:\users\keke0\desktop\hpc2017\src\answer.cpp(362): warning C4244: '引数': 'const int' から 'float' への変換です。データが失われる可能性があります。
c:\users\keke0\desktop\hpc2017\src\answer.cpp(386): warning C4244: '引数': 'const int' から 'float' への変換です。データが失われる可能性があります。
c:\users\keke0\desktop\hpc2017\src\answer.cpp(391): warning C4244: '引数': 'const int' から 'float' への変換です。データが失われる可能性があります。
c:\users\keke0\desktop\hpc2017\src\answer.cpp(406): warning C4244: '引数': 'const int' から 'float' への変換です。データが失われる可能性があります。
c:\users\keke0\desktop\hpc2017\src\answer.cpp(411): warning C4244: '引数': 'const int' から 'float' への変換です。データが失われる可能性があります。
c:\users\keke0\desktop\hpc2017\src\answer.cpp(430): warning C4244: '引数': 'const int' から 'float' への変換です。データが失われる可能性があります。
c:\users\keke0\desktop\hpc2017\src\answer.cpp(441): warning C4244: '引数': 'const int' から 'float' への変換です。データが失われる可能性があります。
c:\users\keke0\desktop\hpc2017\src\answer.cpp(448): warning C4244: '引数': 'const int' から 'float' への変換です。データが失われる可能性があります。
c:\users\keke0\desktop\hpc2017\src\answer.cpp(461): warning C4244: '引数': 'const int' から 'float' への変換です。データが失われる可能性があります。
c:\users\keke0\desktop\hpc2017\src\answer.cpp(473): warning C4244: '引数': 'const int' から 'float' への変換です。データが失われる可能性があります。
c:\users\keke0\desktop\hpc2017\src\answer.cpp(486): warning C4244: '引数': 'const int' から 'float' への変換です。データが失われる可能性があります。
c:\users\keke0\desktop\hpc2017\src\answer.cpp(498): warning C4244: '引数': 'const int' から 'float' への変換です。データが失われる可能性があります。
c:\users\keke0\desktop\hpc2017\src\answer.cpp(519): warning C4244: '引数': 'const int' から 'float' への変換です。データが失われる可能性があります。
  HPC2017.vcxproj -> C:\Users\keke0\Desktop\hpc2017\Debug\HPC2017.exe
  HPC2017.vcxproj -> C:\Users\keke0\Desktop\hpc2017\Debug\HPC2017.pdb (Partial PDB)
