c:\users\keke0\desktop\hpc2017\release\vc141.pdb
c:\users\keke0\desktop\hpc2017\release\vector2.obj
c:\users\keke0\desktop\hpc2017\release\util.obj
c:\users\keke0\desktop\hpc2017\release\timer.obj
c:\users\keke0\desktop\hpc2017\release\stage.obj
c:\users\keke0\desktop\hpc2017\release\simulator.obj
c:\users\keke0\desktop\hpc2017\release\recorder.obj
c:\users\keke0\desktop\hpc2017\release\randomseed.obj
c:\users\keke0\desktop\hpc2017\release\random.obj
c:\users\keke0\desktop\hpc2017\release\parameter.obj
c:\users\keke0\desktop\hpc2017\release\office.obj
c:\users\keke0\desktop\hpc2017\release\math.obj
c:\users\keke0\desktop\hpc2017\release\main.obj
c:\users\keke0\desktop\hpc2017\release\house.obj
c:\users\keke0\desktop\hpc2017\release\game.obj
c:\users\keke0\desktop\hpc2017\release\ufo.obj
c:\users\keke0\desktop\hpc2017\release\answer.obj
c:\users\keke0\desktop\hpc2017\release\action.obj
c:\users\keke0\desktop\hpc2017\release\hpc2017.ipdb
c:\users\keke0\desktop\hpc2017\release\hpc2017.iobj
c:\users\keke0\desktop\hpc2017\release\hpc2017.exe
c:\users\keke0\desktop\hpc2017\release\hpc2017.pdb
c:\users\keke0\desktop\hpc2017\release\hpc2017.tlog\cl.command.1.tlog
c:\users\keke0\desktop\hpc2017\release\hpc2017.tlog\cl.read.1.tlog
c:\users\keke0\desktop\hpc2017\release\hpc2017.tlog\cl.write.1.tlog
c:\users\keke0\desktop\hpc2017\release\hpc2017.tlog\hpc2017.write.1u.tlog
c:\users\keke0\desktop\hpc2017\release\hpc2017.tlog\link.command.1.tlog
c:\users\keke0\desktop\hpc2017\release\hpc2017.tlog\link.read.1.tlog
c:\users\keke0\desktop\hpc2017\release\hpc2017.tlog\link.write.1.tlog
