c:\users\keke0\desktop\hpc2016\debug\vc140.pdb
c:\users\keke0\desktop\hpc2016\debug\vc140.idb
c:\users\keke0\desktop\hpc2016\debug\action.obj
c:\users\keke0\desktop\hpc2016\debug\answer.obj
c:\users\keke0\desktop\hpc2016\debug\asteroid.obj
c:\users\keke0\desktop\hpc2016\debug\game.obj
c:\users\keke0\desktop\hpc2016\debug\laser.obj
c:\users\keke0\desktop\hpc2016\debug\main.obj
c:\users\keke0\desktop\hpc2016\debug\math.obj
c:\users\keke0\desktop\hpc2016\debug\parameter.obj
c:\users\keke0\desktop\hpc2016\debug\random.obj
c:\users\keke0\desktop\hpc2016\debug\randomseed.obj
c:\users\keke0\desktop\hpc2016\debug\recorder.obj
c:\users\keke0\desktop\hpc2016\debug\ship.obj
c:\users\keke0\desktop\hpc2016\debug\simulator.obj
c:\users\keke0\desktop\hpc2016\debug\stage.obj
c:\users\keke0\desktop\hpc2016\debug\timer.obj
c:\users\keke0\desktop\hpc2016\debug\util.obj
c:\users\keke0\desktop\hpc2016\debug\vector2.obj
c:\users\keke0\desktop\hpc2016\debug\hpc2016.ilk
c:\users\keke0\desktop\hpc2016\debug\hpc2016.exe
c:\users\keke0\desktop\hpc2016\debug\hpc2016.pdb
c:\users\keke0\desktop\hpc2016\debug\hpc2016.tlog\cl.command.1.tlog
c:\users\keke0\desktop\hpc2016\debug\hpc2016.tlog\cl.read.1.tlog
c:\users\keke0\desktop\hpc2016\debug\hpc2016.tlog\cl.write.1.tlog
c:\users\keke0\desktop\hpc2016\debug\hpc2016.tlog\link.command.1.tlog
c:\users\keke0\desktop\hpc2016\debug\hpc2016.tlog\link.read.1.tlog
c:\users\keke0\desktop\hpc2016\debug\hpc2016.tlog\link.write.1.tlog
